{"C:\\VSCodeCourse\\9-3\\01\\intro.js": {"path":"C:\\VSCodeCourse\\9-3\\01\\intro.js","statementMap":{"0":{"start":{"line":13,"column":12},"end":{"line":13,"column":27}},"1":{"start":{"line":13,"column":22},"end":{"line":13,"column":27}},"2":{"start":{"line":15,"column":0},"end":{"line":15,"column":24}}},"fnMap":{"0":{"name":"(anonymous_0)","decl":{"start":{"line":13,"column":12},"end":{"line":13,"column":13}},"loc":{"start":{"line":13,"column":22},"end":{"line":13,"column":27}},"line":13}},"branchMap":{},"s":{"0":1,"1":7,"2":1},"f":{"0":7},"b":{},"_coverageSchema":"1a1c01bbd47fc00a2c39e90264f33305004495a9","hash":"2f83481ecfe2bcfe8436dfad68f99156d0fb1919"}
}
